INFO: [HLS 200-10] Running '/home/austin/Desktop/Vivado_HLS/2017.2/bin/unwrapped/lnx64.o/vivado_hls'
INFO: [HLS 200-10] For user 'austin' on host 'austin-Precision-T3600' (Linux_x86_64 version 4.15.0-46-generic) on Thu Apr 04 13:19:19 EDT 2019
INFO: [HLS 200-10] On os Ubuntu 16.04.6 LTS
INFO: [HLS 200-10] In directory '/home/austin/FMgit/FMSYNTH/HLS_Proj'
INFO: [HLS 200-10] Opening project '/home/austin/FMgit/FMSYNTH/HLS_Proj/HLS_FMSYNTH'.
INFO: [HLS 200-10] Opening solution '/home/austin/FMgit/FMSYNTH/HLS_Proj/HLS_FMSYNTH/solution1'.
INFO: [SYN 201-201] Setting up clock 'default' with a period of 10ns.
INFO: [HLS 200-10] Setting target device to 'xc7z100ffg900-2'
INFO: [IMPL 213-8] Exporting RTL as an IP in IP-XACT.

****** Vivado v2017.2 (64-bit)
  **** SW Build 1909853 on Thu Jun 15 18:39:10 MDT 2017
  **** IP Build 1909766 on Thu Jun 15 19:58:00 MDT 2017
    ** Copyright 1986-2017 Xilinx, Inc. All Rights Reserved.

source run_ippack.tcl -notrace
INFO: [IP_Flow 19-234] Refreshing IP repositories
INFO: [IP_Flow 19-1704] No user IP repositories specified
INFO: [IP_Flow 19-2313] Loaded Vivado IP repository '/home/austin/Desktop/Vivado/2017.2/data/ip'.
WARNING: [IP_Flow 19-4832] The IP name 'FM_Synth_ap_fadd_2_full_dsp_32' you have specified is long. The Windows operating system has path length limitations. It is recommended you use shorter names to reduce the likelihood of issues.
INFO: [IP_Flow 19-1686] Generating 'Synthesis' target for IP 'FM_Synth_ap_fadd_2_full_dsp_32'...
INFO: [IP_Flow 19-1686] Generating 'Simulation' target for IP 'FM_Synth_ap_fadd_2_full_dsp_32'...
WARNING: [IP_Flow 19-4832] The IP name 'FM_Synth_ap_fmul_1_max_dsp_32' you have specified is long. The Windows operating system has path length limitations. It is recommended you use shorter names to reduce the likelihood of issues.
INFO: [IP_Flow 19-1686] Generating 'Synthesis' target for IP 'FM_Synth_ap_fmul_1_max_dsp_32'...
INFO: [IP_Flow 19-1686] Generating 'Simulation' target for IP 'FM_Synth_ap_fmul_1_max_dsp_32'...
WARNING: [IP_Flow 19-4832] The IP name 'FM_Synth_ap_sitofp_2_no_dsp_32' you have specified is long. The Windows operating system has path length limitations. It is recommended you use shorter names to reduce the likelihood of issues.
INFO: [IP_Flow 19-1686] Generating 'Synthesis' target for IP 'FM_Synth_ap_sitofp_2_no_dsp_32'...
INFO: [IP_Flow 19-1686] Generating 'Simulation' target for IP 'FM_Synth_ap_sitofp_2_no_dsp_32'...
WARNING: [IP_Flow 19-4832] The IP name 'FM_Synth_ap_fpext_0_no_dsp_32' you have specified is long. The Windows operating system has path length limitations. It is recommended you use shorter names to reduce the likelihood of issues.
INFO: [IP_Flow 19-1686] Generating 'Synthesis' target for IP 'FM_Synth_ap_fpext_0_no_dsp_32'...
INFO: [IP_Flow 19-1686] Generating 'Simulation' target for IP 'FM_Synth_ap_fpext_0_no_dsp_32'...
INFO: [IP_Flow 19-234] Refreshing IP repositories
INFO: [IP_Flow 19-1704] No user IP repositories specified
INFO: [IP_Flow 19-2313] Loaded Vivado IP repository '/home/austin/Desktop/Vivado/2017.2/data/ip'.
INFO: [Common 17-206] Exiting Vivado at Thu Apr  4 13:19:37 2019...
