

================================================================
== Vivado HLS Report for 'FM_Synth'
================================================================
* Date:           Wed Apr 24 16:17:32 2019

* Version:        2017.2 (Build 1909853 on Thu Jun 15 18:55:24 MDT 2017)
* Project:        Synth_IP
* Solution:       solution1
* Product family: zynq
* Target device:  xc7z100ffg900-1


================================================================
== Performance Estimates
================================================================
+ Timing (ns): 
    * Summary: 
    +--------+-------+----------+------------+
    |  Clock | Target| Estimated| Uncertainty|
    +--------+-------+----------+------------+
    |ap_clk  |  10.00|      8.34|        1.25|
    +--------+-------+----------+------------+

+ Latency (clock cycles): 
    * Summary: 
    +-----+-----+-----+-----+----------+
    |  Latency  |  Interval | Pipeline |
    | min | max | min | max |   Type   |
    +-----+-----+-----+-----+----------+
    |  160|  160|    1|    1| function |
    +-----+-----+-----+-----+----------+

    + Detail: 
        * Instance: 
        N/A

        * Loop: 
        N/A



================================================================
== Utilization Estimates
================================================================
* Summary: 
+-----------------+---------+-------+--------+--------+
|       Name      | BRAM_18K| DSP48E|   FF   |   LUT  |
+-----------------+---------+-------+--------+--------+
|DSP              |        -|      2|       -|       -|
|Expression       |        -|      -|    2745|    3178|
|FIFO             |        -|      -|       -|       -|
|Instance         |        0|     32|   12467|   12582|
|Memory           |       18|      -|      82|       8|
|Multiplexer      |        -|      -|       -|      51|
|Register         |        -|      -|    3700|    1231|
+-----------------+---------+-------+--------+--------+
|Total            |       18|     34|   18994|   17050|
+-----------------+---------+-------+--------+--------+
|Available        |     1510|   2020|  554800|  277400|
+-----------------+---------+-------+--------+--------+
|Utilization (%)  |        1|      1|       3|       6|
+-----------------+---------+-------+--------+--------+

+ Detail: 
    * Instance: 
    +---------------------------+-------------------------+---------+-------+------+------+
    |          Instance         |          Module         | BRAM_18K| DSP48E|  FF  |  LUT |
    +---------------------------+-------------------------+---------+-------+------+------+
    |FM_Synth_CTRL_BUS_s_axi_U  |FM_Synth_CTRL_BUS_s_axi  |        0|      0|   296|   488|
    |FM_Synth_fadd_32ncud_U1    |FM_Synth_fadd_32ncud     |        0|      2|   205|   390|
    |FM_Synth_fadd_32ncud_U2    |FM_Synth_fadd_32ncud     |        0|      2|   205|   390|
    |FM_Synth_fadd_32ncud_U3    |FM_Synth_fadd_32ncud     |        0|      2|   205|   390|
    |FM_Synth_fmul_32ndEe_U4    |FM_Synth_fmul_32ndEe     |        0|      3|   143|   321|
    |FM_Synth_fmul_32ndEe_U5    |FM_Synth_fmul_32ndEe     |        0|      3|   143|   321|
    |FM_Synth_fmul_32ndEe_U6    |FM_Synth_fmul_32ndEe     |        0|      3|   143|   321|
    |FM_Synth_fmul_32ndEe_U7    |FM_Synth_fmul_32ndEe     |        0|      3|   143|   321|
    |FM_Synth_fmul_32ndEe_U8    |FM_Synth_fmul_32ndEe     |        0|      3|   143|   321|
    |FM_Synth_fmul_32ndEe_U9    |FM_Synth_fmul_32ndEe     |        0|      3|   143|   321|
    |FM_Synth_fpext_32fYi_U13   |FM_Synth_fpext_32fYi     |        0|      0|   100|   138|
    |FM_Synth_fpext_32fYi_U14   |FM_Synth_fpext_32fYi     |        0|      0|   100|   138|
    |FM_Synth_mul_34nsg8j_U15   |FM_Synth_mul_34nsg8j     |        0|      4|   173|    54|
    |FM_Synth_mul_34nsg8j_U18   |FM_Synth_mul_34nsg8j     |        0|      4|   173|    54|
    |FM_Synth_sitofp_3eOg_U10   |FM_Synth_sitofp_3eOg     |        0|      0|   340|   554|
    |FM_Synth_sitofp_3eOg_U11   |FM_Synth_sitofp_3eOg     |        0|      0|   340|   554|
    |FM_Synth_sitofp_3eOg_U12   |FM_Synth_sitofp_3eOg     |        0|      0|   340|   554|
    |FM_Synth_srem_32nhbi_U16   |FM_Synth_srem_32nhbi     |        0|      0|  2283|  1738|
    |FM_Synth_srem_32nhbi_U19   |FM_Synth_srem_32nhbi     |        0|      0|  2283|  1738|
    |FM_Synth_srem_32nibs_U17   |FM_Synth_srem_32nibs     |        0|      0|  2283|  1738|
    |FM_Synth_srem_32nibs_U20   |FM_Synth_srem_32nibs     |        0|      0|  2283|  1738|
    +---------------------------+-------------------------+---------+-------+------+------+
    |Total                      |                         |        0|     32| 12467| 12582|
    +---------------------------+-------------------------+---------+-------+------+------+

    * DSP48: 
    +--------------------------+----------------------+--------------+
    |         Instance         |        Module        |  Expression  |
    +--------------------------+----------------------+--------------+
    |FM_Synth_mac_mulajbC_U21  |FM_Synth_mac_mulajbC  | i0 + i1 * i2 |
    |FM_Synth_mac_mulajbC_U22  |FM_Synth_mac_mulajbC  | i0 + i1 * i2 |
    +--------------------------+----------------------+--------------+

    * Memory: 
    +---------------+----------------------+---------+----+----+------+-----+------+-------------+
    |     Memory    |        Module        | BRAM_18K| FF | LUT| Words| Bits| Banks| W*Bits*Banks|
    +---------------+----------------------+---------+----+----+------+-----+------+-------------+
    |Conversion_U   |FM_Synth_Conversion   |        0|  64|   6|    12|   32|     1|          384|
    |mask_table1_U  |FM_Synth_mask_tabbkb  |        2|   0|   0|    64|   52|     1|         3328|
    |notes_U        |FM_Synth_notes        |       16|   0|   0|  5244|   32|     1|       167808|
    |sizes_U        |FM_Synth_sizes        |        0|  18|   2|    12|    9|     1|          108|
    +---------------+----------------------+---------+----+----+------+-----+------+-------------+
    |Total          |                      |       18|  82|   8|  5332|  125|     4|       171628|
    +---------------+----------------------+---------+----+----+------+-----+------+-------------+

    * FIFO: 
    N/A

    * Expression: 
    +----------------------------------+----------+-------+-----+-----+------------+------------+
    |           Variable Name          | Operation| DSP48E|  FF | LUT | Bitwidth P0| Bitwidth P1|
    +----------------------------------+----------+-------+-----+-----+------------+------------+
    |gepindex3_fu_1498_p2              |     +    |      0|   56|   22|           4|          17|
    |gepindex_fu_1010_p2               |     +    |      0|   56|   22|           4|          17|
    |mem_index_gep2_fu_977_p2          |     +    |      0|   47|   19|          14|          14|
    |mem_index_gep3_fu_1465_p2         |     +    |      0|   47|   19|          14|          14|
    |p_Val2_20_fu_1164_p2              |     +    |      0|  197|   69|          64|          64|
    |p_Val2_5_fu_607_p2                |     +    |      0|  197|   69|          64|          64|
    |sh_assign_2_fu_1313_p2            |     +    |      0|   41|   17|          11|          12|
    |sh_assign_fu_756_p2               |     +    |      0|   41|   17|          11|          12|
    |tmp_26_fu_479_p2                  |     +    |      0|  101|   37|           1|          32|
    |tmp_4_fu_458_p2                   |     +    |      0|   92|   34|           1|          29|
    |tmp_6_fu_950_p2                   |     +    |      0|   92|   34|           1|          29|
    |neg_mul3_fu_426_p2                |     -    |      0|  200|   70|           1|          65|
    |neg_mul_fu_918_p2                 |     -    |      0|  200|   70|           1|          65|
    |neg_ti8_fu_447_p2                 |     -    |      0|   92|   34|           1|          29|
    |neg_ti_fu_939_p2                  |     -    |      0|   92|   34|           1|          29|
    |tmp_13_i_i_i1_fu_1327_p2          |     -    |      0|   38|   16|          10|          11|
    |tmp_13_i_i_i_fu_770_p2            |     -    |      0|   38|   16|          10|          11|
    |tmp_21_i_i_i1_fu_1423_p2          |     -    |      0|  101|   37|           1|          32|
    |tmp_21_i_i_i_fu_866_p2            |     -    |      0|  101|   37|           1|          32|
    |ap_block_pp0_stage0_flag00001001  |    and   |      0|    0|    2|           1|           1|
    |ap_block_state160_io              |    and   |      0|    0|    2|           1|           1|
    |ap_block_state161_io              |    and   |      0|    0|    2|           1|           1|
    |ap_condition_2108                 |    and   |      0|    0|    2|           1|           1|
    |or_cond_i9_fu_1137_p2             |    and   |      0|    0|    2|           1|           1|
    |or_cond_i_fu_580_p2               |    and   |      0|    0|    2|           1|           1|
    |result_V_1_load_A                 |    and   |      0|    0|    2|           1|           1|
    |result_V_1_load_B                 |    and   |      0|    0|    2|           1|           1|
    |sel_tmp1_i1_fu_1239_p2            |    and   |      0|    0|    2|           1|           1|
    |sel_tmp1_i_fu_682_p2              |    and   |      0|    0|    2|           1|           1|
    |sel_tmp8_i1_fu_1272_p2            |    and   |      0|    0|    2|           1|           1|
    |sel_tmp8_i_fu_715_p2              |    and   |      0|    0|    2|           1|           1|
    |xs_sig_V_9_fu_1214_p2             |    and   |      0|    0|   52|          52|          52|
    |xs_sig_V_fu_657_p2                |    and   |      0|    0|   52|          52|          52|
    |addrCmp1_fu_1493_p2               |   icmp   |      0|    0|    7|          14|          13|
    |addrCmp_fu_1005_p2                |   icmp   |      0|    0|    7|          14|          13|
    |icmp1_fu_1488_p2                  |   icmp   |      0|    0|    6|          12|           1|
    |icmp_fu_1000_p2                   |   icmp   |      0|    0|    6|          12|           1|
    |result_V_1_state_cmp_full         |   icmp   |      0|    0|    1|           2|           1|
    |tmp_3_i6_fu_1122_p2               |   icmp   |      0|    0|    6|          11|          11|
    |tmp_3_i_fu_565_p2                 |   icmp   |      0|    0|    6|          11|          11|
    |tmp_4_i7_fu_1127_p2               |   icmp   |      0|    0|   29|          52|           1|
    |tmp_4_i_fu_570_p2                 |   icmp   |      0|    0|   29|          52|           1|
    |tmp_9_i8_fu_1132_p2               |   icmp   |      0|    0|    6|          11|           1|
    |tmp_9_i_fu_575_p2                 |   icmp   |      0|    0|    6|          11|           1|
    |tmp_i5_fu_1117_p2                 |   icmp   |      0|    0|    6|          11|          10|
    |tmp_i_fu_560_p2                   |   icmp   |      0|    0|    6|          11|          10|
    |tmp_s_fu_370_p2                   |   icmp   |      0|    0|   16|          32|           1|
    |tmp_15_i_i_i1_fu_1378_p2          |   lshr   |      0|  143|  162|          54|          54|
    |tmp_15_i_i_i_fu_821_p2            |   lshr   |      0|  143|  162|          54|          54|
    |ap_block_pp0_stage0_flag00011001  |    or    |      0|    0|    2|           1|           1|
    |sel_tmp5_demorgan_i1_fu_1253_p2   |    or    |      0|    0|    2|           1|           1|
    |sel_tmp5_demorgan_i_fu_696_p2     |    or    |      0|    0|    2|           1|           1|
    |sel_tmp_i1_fu_1234_p2             |    or    |      0|    0|    2|           1|           1|
    |sel_tmp_i_fu_677_p2               |    or    |      0|    0|    2|           1|           1|
    |xs_sign_V_10_fu_1198_p2           |    or    |      0|    0|    2|           1|           1|
    |xs_sign_V_9_fu_641_p2             |    or    |      0|    0|    2|           1|           1|
    |gepindex1_fu_1016_p3              |  select  |      0|    0|   17|           1|          17|
    |gepindex2_fu_1024_p3              |  select  |      0|    0|   17|           1|          17|
    |gepindex4_fu_1504_p3              |  select  |      0|    0|   17|           1|          17|
    |gepindex5_fu_1512_p3              |  select  |      0|    0|   17|           1|          17|
    |grp_fu_1438_p0                    |  select  |      0|    0|   32|           1|          32|
    |grp_fu_881_p0                     |  select  |      0|    0|   32|           1|          32|
    |p_Val2_11_fu_855_p3               |  select  |      0|    0|   31|           1|          31|
    |p_Val2_26_fu_1412_p3              |  select  |      0|    0|   31|           1|          31|
    |p_v9_v_fu_933_p3                  |  select  |      0|    0|   29|           1|          29|
    |p_v_v_fu_441_p3                   |  select  |      0|    0|   29|           1|          29|
    |sel_tmp2_i1_fu_1245_p3            |  select  |      0|    0|   64|           1|          64|
    |sel_tmp2_i_fu_688_p3              |  select  |      0|    0|   64|           1|          64|
    |sel_tmp6_i1_fu_1259_p3            |  select  |      0|    0|   64|           1|          64|
    |sel_tmp6_i_fu_702_p3              |  select  |      0|    0|   64|           1|          64|
    |sh_assign_1_fu_780_p3             |  select  |      0|    0|   12|           1|          12|
    |sh_assign_3_fu_1337_p3            |  select  |      0|    0|   12|           1|          12|
    |tmp_25_fu_945_p3                  |  select  |      0|    0|   29|           1|          29|
    |tmp_5_fu_453_p3                   |  select  |      0|    0|   29|           1|          29|
    |x_assign_1_fu_720_p3              |  select  |      0|    0|   64|           1|          64|
    |x_assign_3_fu_1277_p3             |  select  |      0|    0|   64|           1|          64|
    |xs_exp_V_7_fu_635_p3              |  select  |      0|    0|   11|           1|          11|
    |xs_exp_V_8_fu_1192_p3             |  select  |      0|    0|   11|           1|          11|
    |xs_sig_V_1_fu_646_p3              |  select  |      0|    0|   52|           1|          52|
    |xs_sig_V_4_fu_1203_p3             |  select  |      0|    0|   52|           1|          52|
    |tmp_16_i_i_i1_fu_1384_p2          |    shl   |      0|  315|  474|         137|         137|
    |tmp_16_i_i_i_fu_827_p2            |    shl   |      0|  315|  474|         137|         137|
    |ap_enable_pp0                     |    xor   |      0|    0|    2|           1|           2|
    |sel_tmp7_i1_fu_1267_p2            |    xor   |      0|    0|    2|           1|           2|
    |sel_tmp7_i_fu_710_p2              |    xor   |      0|    0|    2|           1|           2|
    |tmp_5_i1_fu_1209_p2               |    xor   |      0|    0|   52|          52|           2|
    |tmp_5_i_fu_652_p2                 |    xor   |      0|    0|   52|          52|           2|
    +----------------------------------+----------+-------+-----+-----+------------+------------+
    |Total                             |          |      0| 2745| 3178|        1107|        2013|
    +----------------------------------+----------+-------+-----+-----+------------+------------+

    * Multiplexer: 
    +------------------------------------------------------+----+-----------+-----+-----------+
    |                         Name                         | LUT| Input Size| Bits| Total Bits|
    +------------------------------------------------------+----+-----------+-----+-----------+
    |ap_phi_precharge_reg_pp0_iter35_position_loc_reg_306  |   9|          2|   32|         64|
    |position_loc_phi_fu_310_p4                            |   9|          2|   32|         64|
    |result_V_1_data_out                                   |   9|          2|   32|         64|
    |result_V_1_state                                      |  15|          3|    2|          6|
    |result_V_TDATA_blk_n                                  |   9|          2|    1|          2|
    +------------------------------------------------------+----+-----------+-----+-----------+
    |Total                                                 |  51|         11|   99|        200|
    +------------------------------------------------------+----+-----------+-----+-----------+

    * Register: 
    +------------------------------------------------------+----+-----+-----+-----------+
    |                         Name                         | FF | LUT | Bits| Const Bits|
    +------------------------------------------------------+----+-----+-----+-----------+
    |ap_CS_fsm                                             |   1|    0|    1|          0|
    |ap_enable_reg_pp0_iter1                               |   1|    0|    1|          0|
    |ap_enable_reg_pp0_iter10                              |   1|    0|    1|          0|
    |ap_enable_reg_pp0_iter100                             |   1|    0|    1|          0|
    |ap_enable_reg_pp0_iter101                             |   1|    0|    1|          0|
    |ap_enable_reg_pp0_iter102                             |   1|    0|    1|          0|
    |ap_enable_reg_pp0_iter103                             |   1|    0|    1|          0|
    |ap_enable_reg_pp0_iter104                             |   1|    0|    1|          0|
    |ap_enable_reg_pp0_iter105                             |   1|    0|    1|          0|
    |ap_enable_reg_pp0_iter106                             |   1|    0|    1|          0|
    |ap_enable_reg_pp0_iter107                             |   1|    0|    1|          0|
    |ap_enable_reg_pp0_iter108                             |   1|    0|    1|          0|
    |ap_enable_reg_pp0_iter109                             |   1|    0|    1|          0|
    |ap_enable_reg_pp0_iter11                              |   1|    0|    1|          0|
    |ap_enable_reg_pp0_iter110                             |   1|    0|    1|          0|
    |ap_enable_reg_pp0_iter111                             |   1|    0|    1|          0|
    |ap_enable_reg_pp0_iter112                             |   1|    0|    1|          0|
    |ap_enable_reg_pp0_iter113                             |   1|    0|    1|          0|
    |ap_enable_reg_pp0_iter114                             |   1|    0|    1|          0|
    |ap_enable_reg_pp0_iter115                             |   1|    0|    1|          0|
    |ap_enable_reg_pp0_iter116                             |   1|    0|    1|          0|
    |ap_enable_reg_pp0_iter117                             |   1|    0|    1|          0|
    |ap_enable_reg_pp0_iter118                             |   1|    0|    1|          0|
    |ap_enable_reg_pp0_iter119                             |   1|    0|    1|          0|
    |ap_enable_reg_pp0_iter12                              |   1|    0|    1|          0|
    |ap_enable_reg_pp0_iter120                             |   1|    0|    1|          0|
    |ap_enable_reg_pp0_iter121                             |   1|    0|    1|          0|
    |ap_enable_reg_pp0_iter122                             |   1|    0|    1|          0|
    |ap_enable_reg_pp0_iter123                             |   1|    0|    1|          0|
    |ap_enable_reg_pp0_iter124                             |   1|    0|    1|          0|
    |ap_enable_reg_pp0_iter125                             |   1|    0|    1|          0|
    |ap_enable_reg_pp0_iter126                             |   1|    0|    1|          0|
    |ap_enable_reg_pp0_iter127                             |   1|    0|    1|          0|
    |ap_enable_reg_pp0_iter128                             |   1|    0|    1|          0|
    |ap_enable_reg_pp0_iter129                             |   1|    0|    1|          0|
    |ap_enable_reg_pp0_iter13                              |   1|    0|    1|          0|
    |ap_enable_reg_pp0_iter130                             |   1|    0|    1|          0|
    |ap_enable_reg_pp0_iter131                             |   1|    0|    1|          0|
    |ap_enable_reg_pp0_iter132                             |   1|    0|    1|          0|
    |ap_enable_reg_pp0_iter133                             |   1|    0|    1|          0|
    |ap_enable_reg_pp0_iter134                             |   1|    0|    1|          0|
    |ap_enable_reg_pp0_iter135                             |   1|    0|    1|          0|
    |ap_enable_reg_pp0_iter136                             |   1|    0|    1|          0|
    |ap_enable_reg_pp0_iter137                             |   1|    0|    1|          0|
    |ap_enable_reg_pp0_iter138                             |   1|    0|    1|          0|
    |ap_enable_reg_pp0_iter139                             |   1|    0|    1|          0|
    |ap_enable_reg_pp0_iter14                              |   1|    0|    1|          0|
    |ap_enable_reg_pp0_iter140                             |   1|    0|    1|          0|
    |ap_enable_reg_pp0_iter141                             |   1|    0|    1|          0|
    |ap_enable_reg_pp0_iter142                             |   1|    0|    1|          0|
    |ap_enable_reg_pp0_iter143                             |   1|    0|    1|          0|
    |ap_enable_reg_pp0_iter144                             |   1|    0|    1|          0|
    |ap_enable_reg_pp0_iter145                             |   1|    0|    1|          0|
    |ap_enable_reg_pp0_iter146                             |   1|    0|    1|          0|
    |ap_enable_reg_pp0_iter147                             |   1|    0|    1|          0|
    |ap_enable_reg_pp0_iter148                             |   1|    0|    1|          0|
    |ap_enable_reg_pp0_iter149                             |   1|    0|    1|          0|
    |ap_enable_reg_pp0_iter15                              |   1|    0|    1|          0|
    |ap_enable_reg_pp0_iter150                             |   1|    0|    1|          0|
    |ap_enable_reg_pp0_iter151                             |   1|    0|    1|          0|
    |ap_enable_reg_pp0_iter152                             |   1|    0|    1|          0|
    |ap_enable_reg_pp0_iter153                             |   1|    0|    1|          0|
    |ap_enable_reg_pp0_iter154                             |   1|    0|    1|          0|
    |ap_enable_reg_pp0_iter155                             |   1|    0|    1|          0|
    |ap_enable_reg_pp0_iter156                             |   1|    0|    1|          0|
    |ap_enable_reg_pp0_iter157                             |   1|    0|    1|          0|
    |ap_enable_reg_pp0_iter158                             |   1|    0|    1|          0|
    |ap_enable_reg_pp0_iter159                             |   1|    0|    1|          0|
    |ap_enable_reg_pp0_iter16                              |   1|    0|    1|          0|
    |ap_enable_reg_pp0_iter160                             |   1|    0|    1|          0|
    |ap_enable_reg_pp0_iter17                              |   1|    0|    1|          0|
    |ap_enable_reg_pp0_iter18                              |   1|    0|    1|          0|
    |ap_enable_reg_pp0_iter19                              |   1|    0|    1|          0|
    |ap_enable_reg_pp0_iter2                               |   1|    0|    1|          0|
    |ap_enable_reg_pp0_iter20                              |   1|    0|    1|          0|
    |ap_enable_reg_pp0_iter21                              |   1|    0|    1|          0|
    |ap_enable_reg_pp0_iter22                              |   1|    0|    1|          0|
    |ap_enable_reg_pp0_iter23                              |   1|    0|    1|          0|
    |ap_enable_reg_pp0_iter24                              |   1|    0|    1|          0|
    |ap_enable_reg_pp0_iter25                              |   1|    0|    1|          0|
    |ap_enable_reg_pp0_iter26                              |   1|    0|    1|          0|
    |ap_enable_reg_pp0_iter27                              |   1|    0|    1|          0|
    |ap_enable_reg_pp0_iter28                              |   1|    0|    1|          0|
    |ap_enable_reg_pp0_iter29                              |   1|    0|    1|          0|
    |ap_enable_reg_pp0_iter3                               |   1|    0|    1|          0|
    |ap_enable_reg_pp0_iter30                              |   1|    0|    1|          0|
    |ap_enable_reg_pp0_iter31                              |   1|    0|    1|          0|
    |ap_enable_reg_pp0_iter32                              |   1|    0|    1|          0|
    |ap_enable_reg_pp0_iter33                              |   1|    0|    1|          0|
    |ap_enable_reg_pp0_iter34                              |   1|    0|    1|          0|
    |ap_enable_reg_pp0_iter35                              |   1|    0|    1|          0|
    |ap_enable_reg_pp0_iter36                              |   1|    0|    1|          0|
    |ap_enable_reg_pp0_iter37                              |   1|    0|    1|          0|
    |ap_enable_reg_pp0_iter38                              |   1|    0|    1|          0|
    |ap_enable_reg_pp0_iter39                              |   1|    0|    1|          0|
    |ap_enable_reg_pp0_iter4                               |   1|    0|    1|          0|
    |ap_enable_reg_pp0_iter40                              |   1|    0|    1|          0|
    |ap_enable_reg_pp0_iter41                              |   1|    0|    1|          0|
    |ap_enable_reg_pp0_iter42                              |   1|    0|    1|          0|
    |ap_enable_reg_pp0_iter43                              |   1|    0|    1|          0|
    |ap_enable_reg_pp0_iter44                              |   1|    0|    1|          0|
    |ap_enable_reg_pp0_iter45                              |   1|    0|    1|          0|
    |ap_enable_reg_pp0_iter46                              |   1|    0|    1|          0|
    |ap_enable_reg_pp0_iter47                              |   1|    0|    1|          0|
    |ap_enable_reg_pp0_iter48                              |   1|    0|    1|          0|
    |ap_enable_reg_pp0_iter49                              |   1|    0|    1|          0|
    |ap_enable_reg_pp0_iter5                               |   1|    0|    1|          0|
    |ap_enable_reg_pp0_iter50                              |   1|    0|    1|          0|
    |ap_enable_reg_pp0_iter51                              |   1|    0|    1|          0|
    |ap_enable_reg_pp0_iter52                              |   1|    0|    1|          0|
    |ap_enable_reg_pp0_iter53                              |   1|    0|    1|          0|
    |ap_enable_reg_pp0_iter54                              |   1|    0|    1|          0|
    |ap_enable_reg_pp0_iter55                              |   1|    0|    1|          0|
    |ap_enable_reg_pp0_iter56                              |   1|    0|    1|          0|
    |ap_enable_reg_pp0_iter57                              |   1|    0|    1|          0|
    |ap_enable_reg_pp0_iter58                              |   1|    0|    1|          0|
    |ap_enable_reg_pp0_iter59                              |   1|    0|    1|          0|
    |ap_enable_reg_pp0_iter6                               |   1|    0|    1|          0|
    |ap_enable_reg_pp0_iter60                              |   1|    0|    1|          0|
    |ap_enable_reg_pp0_iter61                              |   1|    0|    1|          0|
    |ap_enable_reg_pp0_iter62                              |   1|    0|    1|          0|
    |ap_enable_reg_pp0_iter63                              |   1|    0|    1|          0|
    |ap_enable_reg_pp0_iter64                              |   1|    0|    1|          0|
    |ap_enable_reg_pp0_iter65                              |   1|    0|    1|          0|
    |ap_enable_reg_pp0_iter66                              |   1|    0|    1|          0|
    |ap_enable_reg_pp0_iter67                              |   1|    0|    1|          0|
    |ap_enable_reg_pp0_iter68                              |   1|    0|    1|          0|
    |ap_enable_reg_pp0_iter69                              |   1|    0|    1|          0|
    |ap_enable_reg_pp0_iter7                               |   1|    0|    1|          0|
    |ap_enable_reg_pp0_iter70                              |   1|    0|    1|          0|
    |ap_enable_reg_pp0_iter71                              |   1|    0|    1|          0|
    |ap_enable_reg_pp0_iter72                              |   1|    0|    1|          0|
    |ap_enable_reg_pp0_iter73                              |   1|    0|    1|          0|
    |ap_enable_reg_pp0_iter74                              |   1|    0|    1|          0|
    |ap_enable_reg_pp0_iter75                              |   1|    0|    1|          0|
    |ap_enable_reg_pp0_iter76                              |   1|    0|    1|          0|
    |ap_enable_reg_pp0_iter77                              |   1|    0|    1|          0|
    |ap_enable_reg_pp0_iter78                              |   1|    0|    1|          0|
    |ap_enable_reg_pp0_iter79                              |   1|    0|    1|          0|
    |ap_enable_reg_pp0_iter8                               |   1|    0|    1|          0|
    |ap_enable_reg_pp0_iter80                              |   1|    0|    1|          0|
    |ap_enable_reg_pp0_iter81                              |   1|    0|    1|          0|
    |ap_enable_reg_pp0_iter82                              |   1|    0|    1|          0|
    |ap_enable_reg_pp0_iter83                              |   1|    0|    1|          0|
    |ap_enable_reg_pp0_iter84                              |   1|    0|    1|          0|
    |ap_enable_reg_pp0_iter85                              |   1|    0|    1|          0|
    |ap_enable_reg_pp0_iter86                              |   1|    0|    1|          0|
    |ap_enable_reg_pp0_iter87                              |   1|    0|    1|          0|
    |ap_enable_reg_pp0_iter88                              |   1|    0|    1|          0|
    |ap_enable_reg_pp0_iter89                              |   1|    0|    1|          0|
    |ap_enable_reg_pp0_iter9                               |   1|    0|    1|          0|
    |ap_enable_reg_pp0_iter90                              |   1|    0|    1|          0|
    |ap_enable_reg_pp0_iter91                              |   1|    0|    1|          0|
    |ap_enable_reg_pp0_iter92                              |   1|    0|    1|          0|
    |ap_enable_reg_pp0_iter93                              |   1|    0|    1|          0|
    |ap_enable_reg_pp0_iter94                              |   1|    0|    1|          0|
    |ap_enable_reg_pp0_iter95                              |   1|    0|    1|          0|
    |ap_enable_reg_pp0_iter96                              |   1|    0|    1|          0|
    |ap_enable_reg_pp0_iter97                              |   1|    0|    1|          0|
    |ap_enable_reg_pp0_iter98                              |   1|    0|    1|          0|
    |ap_enable_reg_pp0_iter99                              |   1|    0|    1|          0|
    |ap_phi_precharge_reg_pp0_iter35_position_loc_reg_306  |  32|    0|   32|          0|
    |ap_reg_pp0_iter118_loc_V_6_reg_1898                   |  11|    0|   11|          0|
    |ap_reg_pp0_iter118_loc_V_7_reg_1906                   |  52|    0|   52|          0|
    |ap_reg_pp0_iter118_p_Result_23_reg_1889               |   1|    0|    1|          0|
    |ap_reg_pp0_iter118_tmp_43_reg_1917                    |  63|    0|   63|          0|
    |ap_reg_pp0_iter121_p_Result_48_reg_1943               |   1|    0|    1|          0|
    |ap_reg_pp0_iter2_tmp_3_reg_1592                       |  29|    0|   29|          0|
    |ap_reg_pp0_iter52_loc_V_1_reg_1687                    |  52|    0|   52|          0|
    |ap_reg_pp0_iter52_loc_V_reg_1679                      |  11|    0|   11|          0|
    |ap_reg_pp0_iter52_p_Result_s_reg_1670                 |   1|    0|    1|          0|
    |ap_reg_pp0_iter52_tmp_31_reg_1698                     |  63|    0|   63|          0|
    |ap_reg_pp0_iter55_p_Result_43_reg_1724                |   1|    0|    1|          0|
    |ap_reg_pp0_iter63_tmp_24_reg_1780                     |  29|    0|   29|          0|
    |car_octave                                            |  32|    0|   32|          0|
    |car_size                                              |   9|    0|   32|         23|
    |carrier_conversion                                    |  32|    0|   32|          0|
    |carrier_phase_read_reg_1541                           |  32|    0|   32|          0|
    |carrier_wave_read_reg_1546                            |  32|    0|   32|          0|
    |carrier_wave_values_s                                 |  16|    0|   16|          0|
    |change                                                |   1|    0|    1|          0|
    |change_load_reg_1572                                  |   1|    0|    1|          0|
    |isNeg_1_reg_1953                                      |   1|    0|    1|          0|
    |isNeg_reg_1734                                        |   1|    0|    1|          0|
    |loc_V_11_reg_1948                                     |  52|    0|   52|          0|
    |loc_V_1_reg_1687                                      |  52|    0|   52|          0|
    |loc_V_5_reg_1729                                      |  52|    0|   52|          0|
    |loc_V_6_reg_1898                                      |  11|    0|   11|          0|
    |loc_V_7_reg_1906                                      |  52|    0|   52|          0|
    |loc_V_reg_1679                                        |  11|    0|   11|          0|
    |mask_1_reg_1922                                       |  52|    0|   52|          0|
    |mask_reg_1703                                         |  52|    0|   52|          0|
    |mem_index_gep2_reg_1796                               |  14|    0|   14|          0|
    |mem_index_gep3_reg_1983                               |  14|    0|   14|          0|
    |modWaveResult_reg_1812                                |  32|    0|   32|          0|
    |mod_octave                                            |  32|    0|   32|          0|
    |mod_size                                              |   9|    0|   32|         23|
    |modulator_conversion                                  |  32|    0|   32|          0|
    |modulator_phase_read_reg_1558                         |  32|    0|   32|          0|
    |modulator_wave_value                                  |  16|    0|   16|          0|
    |mul2_reg_1587                                         |  65|    0|   65|          0|
    |mul_reg_1775                                          |  65|    0|   65|          0|
    |neg_ti8_reg_1598                                      |  29|    0|   29|          0|
    |neg_ti_reg_1786                                       |  29|    0|   29|          0|
    |p_Result_23_reg_1889                                  |   1|    0|    1|          0|
    |p_Result_43_reg_1724                                  |   1|    0|    1|          0|
    |p_Result_48_reg_1943                                  |   1|    0|    1|          0|
    |p_Result_s_reg_1670                                   |   1|    0|    1|          0|
    |position                                              |  32|    0|   32|          0|
    |result_V_1_payload_A                                  |  32|    0|   32|          0|
    |result_V_1_payload_B                                  |  32|    0|   32|          0|
    |result_V_1_sel_rd                                     |   1|    0|    1|          0|
    |result_V_1_sel_wr                                     |   1|    0|    1|          0|
    |result_V_1_state                                      |   2|    0|    2|          0|
    |scale_factor_read_reg_1553                            |  32|    0|   32|          0|
    |sel_tmp6_i1_reg_1938                                  |  64|    0|   64|          0|
    |sel_tmp6_i_reg_1719                                   |  64|    0|   64|          0|
    |sh_assign_1_reg_1739                                  |  12|    0|   12|          0|
    |sh_assign_3_reg_1958                                  |  12|    0|   12|          0|
    |sizes_load_1_reg_1832                                 |   9|    0|    9|          0|
    |sizes_load_reg_1623                                   |   9|    0|    9|          0|
    |tmp_10_reg_1649                                       |  32|    0|   32|          0|
    |tmp_11_reg_1638                                       |  32|    0|   32|          0|
    |tmp_12_reg_1643                                       |  32|    0|   32|          0|
    |tmp_13_reg_1654                                       |  32|    0|   32|          0|
    |tmp_14_reg_1659                                       |  32|    0|   32|          0|
    |tmp_15_reg_1769                                       |   1|    0|    1|          0|
    |tmp_17_reg_1868                                       |  32|    0|   32|          0|
    |tmp_18_i_i_i1_reg_1963                                |  31|    0|   32|          1|
    |tmp_18_i_i_i_reg_1744                                 |  31|    0|   32|          1|
    |tmp_18_reg_1837                                       |  32|    0|   32|          0|
    |tmp_19_reg_1848                                       |  32|    0|   32|          0|
    |tmp_20_reg_1853                                       |  32|    0|   32|          0|
    |tmp_21_i_i_i1_reg_1968                                |  32|    0|   32|          0|
    |tmp_21_i_i_i_reg_1749                                 |  32|    0|   32|          0|
    |tmp_21_reg_1863                                       |  32|    0|   32|          0|
    |tmp_22_reg_1873                                       |  32|    0|   32|          0|
    |tmp_23_reg_1878                                       |  32|    0|   32|          0|
    |tmp_24_reg_1780                                       |  29|    0|   29|          0|
    |tmp_27_reg_1608                                       |  14|    0|   14|          0|
    |tmp_28_reg_1817                                       |  14|    0|   14|          0|
    |tmp_31_reg_1698                                       |  63|    0|   63|          0|
    |tmp_3_i6_reg_1933                                     |   1|    0|    1|          0|
    |tmp_3_i_reg_1714                                      |   1|    0|    1|          0|
    |tmp_3_reg_1592                                        |  29|    0|   29|          0|
    |tmp_40_reg_1802                                       |  12|    0|   12|          0|
    |tmp_43_reg_1917                                       |  63|    0|   63|          0|
    |tmp_4_reg_1603                                        |  29|    0|   29|          0|
    |tmp_54_reg_1989                                       |  12|    0|   12|          0|
    |tmp_6_reg_1791                                        |  29|    0|   29|          0|
    |tmp_i5_reg_1928                                       |   1|    0|    1|          0|
    |tmp_i_reg_1709                                        |   1|    0|    1|          0|
    |tmp_reg_1581                                          |   1|    0|    1|          0|
    |tmp_s_reg_1568                                        |   1|    0|    1|          0|
    |x_assign_2_reg_1883                                   |  64|    0|   64|          0|
    |x_assign_reg_1664                                     |  64|    0|   64|          0|
    |carrier_phase_read_reg_1541                           |  64|  128|   32|          0|
    |carrier_wave_read_reg_1546                            |  64|  123|   32|          0|
    |change_load_reg_1572                                  |  64|  128|    1|          0|
    |modulator_phase_read_reg_1558                         |  64|   64|   32|          0|
    |scale_factor_read_reg_1553                            |  64|  124|   32|          0|
    |sizes_load_1_reg_1832                                 |  64|   32|    9|          0|
    |sizes_load_reg_1623                                   |  64|   32|    9|          0|
    |tmp_12_reg_1643                                       |  64|   96|   32|          0|
    |tmp_15_reg_1769                                       |  64|   32|    1|          0|
    |tmp_27_reg_1608                                       |  64|   64|   14|          0|
    |tmp_28_reg_1817                                       |  64|   64|   14|          0|
    |tmp_4_reg_1603                                        |  64|   56|   29|          0|
    |tmp_6_reg_1791                                        |  64|   64|   29|          0|
    |tmp_reg_1581                                          |  64|   32|    1|          0|
    |tmp_s_reg_1568                                        |  64|  128|    1|          0|
    |x_assign_2_reg_1883                                   |  64|   32|   64|          0|
    |x_assign_reg_1664                                     |  64|   32|   64|          0|
    +------------------------------------------------------+----+-----+-----+-----------+
    |Total                                                 |3700| 1231| 3056|         48|
    +------------------------------------------------------+----+-----+-----+-----------+



================================================================
== Interface
================================================================
* Summary: 
+------------------------+-----+-----+--------------+--------------+--------------+
|        RTL Ports       | Dir | Bits|   Protocol   | Source Object|    C Type    |
+------------------------+-----+-----+--------------+--------------+--------------+
|s_axi_CTRL_BUS_AWVALID  |  in |    1|     s_axi    |   CTRL_BUS   |    scalar    |
|s_axi_CTRL_BUS_AWREADY  | out |    1|     s_axi    |   CTRL_BUS   |    scalar    |
|s_axi_CTRL_BUS_AWADDR   |  in |    7|     s_axi    |   CTRL_BUS   |    scalar    |
|s_axi_CTRL_BUS_WVALID   |  in |    1|     s_axi    |   CTRL_BUS   |    scalar    |
|s_axi_CTRL_BUS_WREADY   | out |    1|     s_axi    |   CTRL_BUS   |    scalar    |
|s_axi_CTRL_BUS_WDATA    |  in |   32|     s_axi    |   CTRL_BUS   |    scalar    |
|s_axi_CTRL_BUS_WSTRB    |  in |    4|     s_axi    |   CTRL_BUS   |    scalar    |
|s_axi_CTRL_BUS_ARVALID  |  in |    1|     s_axi    |   CTRL_BUS   |    scalar    |
|s_axi_CTRL_BUS_ARREADY  | out |    1|     s_axi    |   CTRL_BUS   |    scalar    |
|s_axi_CTRL_BUS_ARADDR   |  in |    7|     s_axi    |   CTRL_BUS   |    scalar    |
|s_axi_CTRL_BUS_RVALID   | out |    1|     s_axi    |   CTRL_BUS   |    scalar    |
|s_axi_CTRL_BUS_RREADY   |  in |    1|     s_axi    |   CTRL_BUS   |    scalar    |
|s_axi_CTRL_BUS_RDATA    | out |   32|     s_axi    |   CTRL_BUS   |    scalar    |
|s_axi_CTRL_BUS_RRESP    | out |    2|     s_axi    |   CTRL_BUS   |    scalar    |
|s_axi_CTRL_BUS_BVALID   | out |    1|     s_axi    |   CTRL_BUS   |    scalar    |
|s_axi_CTRL_BUS_BREADY   |  in |    1|     s_axi    |   CTRL_BUS   |    scalar    |
|s_axi_CTRL_BUS_BRESP    | out |    2|     s_axi    |   CTRL_BUS   |    scalar    |
|ap_clk                  |  in |    1| ap_ctrl_none |   FM_Synth   | return value |
|ap_rst_n                |  in |    1| ap_ctrl_none |   FM_Synth   | return value |
|result_V_TDATA          | out |   32|     axis     |   result_V   |    pointer   |
|result_V_TVALID         | out |    1|     axis     |   result_V   |    pointer   |
|result_V_TREADY         |  in |    1|     axis     |   result_V   |    pointer   |
+------------------------+-----+-----+--------------+--------------+--------------+

