

================================================================
== Vivado HLS Report for 'FM_Synth'
================================================================
* Date:           Tue Apr 23 14:38:14 2019

* Version:        2017.2 (Build 1909853 on Thu Jun 15 18:55:24 MDT 2017)
* Project:        HLS_FMSYNTH
* Solution:       solution1
* Product family: zynq
* Target device:  xc7z100ffg900-2


================================================================
== Performance Estimates
================================================================
+ Timing (ns): 
    * Summary: 
    +--------+-------+----------+------------+
    |  Clock | Target| Estimated| Uncertainty|
    +--------+-------+----------+------------+
    |ap_clk  |  10.00|      8.59|        1.25|
    +--------+-------+----------+------------+

+ Latency (clock cycles): 
    * Summary: 
    +-----+-----+-----+-----+----------+
    |  Latency  |  Interval | Pipeline |
    | min | max | min | max |   Type   |
    +-----+-----+-----+-----+----------+
    |  151|  151|    1|    1| function |
    +-----+-----+-----+-----+----------+

    + Detail: 
        * Instance: 
        N/A

        * Loop: 
        N/A



================================================================
== Utilization Estimates
================================================================
* Summary: 
+-----------------+---------+-------+--------+--------+
|       Name      | BRAM_18K| DSP48E|   FF   |   LUT  |
+-----------------+---------+-------+--------+--------+
|DSP              |        -|      2|       -|       -|
|Expression       |        -|      -|    3250|    3686|
|FIFO             |        -|      -|       -|       -|
|Instance         |        0|     61|   17160|   24587|
|Memory           |       18|      -|      82|       8|
|Multiplexer      |        -|      -|       -|      58|
|Register         |        -|      -|    5345|    1617|
+-----------------+---------+-------+--------+--------+
|Total            |       18|     63|   25837|   29956|
+-----------------+---------+-------+--------+--------+
|Available        |     1510|   2020|  554800|  277400|
+-----------------+---------+-------+--------+--------+
|Utilization (%)  |        1|      3|       4|      10|
+-----------------+---------+-------+--------+--------+

+ Detail: 
    * Instance: 
    +---------------------------+-------------------------+---------+-------+------+------+
    |          Instance         |          Module         | BRAM_18K| DSP48E|  FF  |  LUT |
    +---------------------------+-------------------------+---------+-------+------+------+
    |FM_Synth_CTRL_BUS_s_axi_U  |FM_Synth_CTRL_BUS_s_axi  |        0|      0|   524|   872|
    |FM_Synth_fadd_32ncud_U1    |FM_Synth_fadd_32ncud     |        0|      2|   227|   404|
    |FM_Synth_fadd_32ncud_U2    |FM_Synth_fadd_32ncud     |        0|      2|   227|   404|
    |FM_Synth_fadd_32ncud_U5    |FM_Synth_fadd_32ncud     |        0|      2|   227|   404|
    |FM_Synth_fadd_32ncud_U6    |FM_Synth_fadd_32ncud     |        0|      2|   227|   404|
    |FM_Synth_fadd_32ncud_U7    |FM_Synth_fadd_32ncud     |        0|      2|   227|   404|
    |FM_Synth_fdiv_32nfYi_U21   |FM_Synth_fdiv_32nfYi     |        0|      0|   563|   991|
    |FM_Synth_fdiv_32nfYi_U22   |FM_Synth_fdiv_32nfYi     |        0|      0|   563|   991|
    |FM_Synth_fdiv_32nfYi_U23   |FM_Synth_fdiv_32nfYi     |        0|      0|   563|   991|
    |FM_Synth_fmul_32neOg_U8    |FM_Synth_fmul_32neOg     |        0|      3|   128|   320|
    |FM_Synth_fmul_32neOg_U9    |FM_Synth_fmul_32neOg     |        0|      3|   128|   320|
    |FM_Synth_fmul_32neOg_U10   |FM_Synth_fmul_32neOg     |        0|      3|   128|   320|
    |FM_Synth_fmul_32neOg_U11   |FM_Synth_fmul_32neOg     |        0|      3|   128|   320|
    |FM_Synth_fmul_32neOg_U12   |FM_Synth_fmul_32neOg     |        0|      3|   128|   320|
    |FM_Synth_fmul_32neOg_U13   |FM_Synth_fmul_32neOg     |        0|      3|   128|   320|
    |FM_Synth_fmul_32neOg_U14   |FM_Synth_fmul_32neOg     |        0|      3|   128|   320|
    |FM_Synth_fmul_32neOg_U15   |FM_Synth_fmul_32neOg     |        0|      3|   128|   320|
    |FM_Synth_fmul_32neOg_U16   |FM_Synth_fmul_32neOg     |        0|      3|   128|   320|
    |FM_Synth_fmul_32neOg_U17   |FM_Synth_fmul_32neOg     |        0|      3|   128|   320|
    |FM_Synth_fmul_32neOg_U18   |FM_Synth_fmul_32neOg     |        0|      3|   128|   320|
    |FM_Synth_fmul_32neOg_U19   |FM_Synth_fmul_32neOg     |        0|      3|   128|   320|
    |FM_Synth_fmul_32neOg_U20   |FM_Synth_fmul_32neOg     |        0|      3|   128|   320|
    |FM_Synth_fpext_32hbi_U36   |FM_Synth_fpext_32hbi     |        0|      0|   100|   143|
    |FM_Synth_fpext_32hbi_U37   |FM_Synth_fpext_32hbi     |        0|      0|   100|   143|
    |FM_Synth_fsub_32ndEe_U3    |FM_Synth_fsub_32ndEe     |        0|      2|   227|   404|
    |FM_Synth_fsub_32ndEe_U4    |FM_Synth_fsub_32ndEe     |        0|      2|   227|   404|
    |FM_Synth_mul_34nsibs_U38   |FM_Synth_mul_34nsibs     |        0|      4|   173|    54|
    |FM_Synth_mul_34nsibs_U41   |FM_Synth_mul_34nsibs     |        0|      4|   173|    54|
    |FM_Synth_sitofp_3g8j_U24   |FM_Synth_sitofp_3g8j     |        0|      0|   168|   534|
    |FM_Synth_sitofp_3g8j_U25   |FM_Synth_sitofp_3g8j     |        0|      0|   168|   534|
    |FM_Synth_sitofp_3g8j_U26   |FM_Synth_sitofp_3g8j     |        0|      0|   168|   534|
    |FM_Synth_sitofp_3g8j_U27   |FM_Synth_sitofp_3g8j     |        0|      0|   168|   534|
    |FM_Synth_sitofp_3g8j_U28   |FM_Synth_sitofp_3g8j     |        0|      0|   168|   534|
    |FM_Synth_sitofp_3g8j_U29   |FM_Synth_sitofp_3g8j     |        0|      0|   168|   534|
    |FM_Synth_sitofp_3g8j_U30   |FM_Synth_sitofp_3g8j     |        0|      0|   168|   534|
    |FM_Synth_sitofp_3g8j_U31   |FM_Synth_sitofp_3g8j     |        0|      0|   168|   534|
    |FM_Synth_sitofp_3g8j_U32   |FM_Synth_sitofp_3g8j     |        0|      0|   168|   534|
    |FM_Synth_sitofp_3g8j_U33   |FM_Synth_sitofp_3g8j     |        0|      0|   168|   534|
    |FM_Synth_sitofp_3g8j_U34   |FM_Synth_sitofp_3g8j     |        0|      0|   168|   534|
    |FM_Synth_sitofp_3g8j_U35   |FM_Synth_sitofp_3g8j     |        0|      0|   168|   534|
    |FM_Synth_srem_32njbC_U39   |FM_Synth_srem_32njbC     |        0|      0|  2283|  1738|
    |FM_Synth_srem_32njbC_U42   |FM_Synth_srem_32njbC     |        0|      0|  2283|  1738|
    |FM_Synth_srem_32nkbM_U40   |FM_Synth_srem_32nkbM     |        0|      0|  2283|  1738|
    |FM_Synth_srem_32nkbM_U43   |FM_Synth_srem_32nkbM     |        0|      0|  2283|  1738|
    +---------------------------+-------------------------+---------+-------+------+------+
    |Total                      |                         |        0|     61| 17160| 24587|
    +---------------------------+-------------------------+---------+-------+------+------+

    * DSP48: 
    +--------------------------+----------------------+--------------+
    |         Instance         |        Module        |  Expression  |
    +--------------------------+----------------------+--------------+
    |FM_Synth_mac_mulalbW_U44  |FM_Synth_mac_mulalbW  | i0 + i1 * i2 |
    |FM_Synth_mac_mulalbW_U45  |FM_Synth_mac_mulalbW  | i0 + i1 * i2 |
    +--------------------------+----------------------+--------------+

    * Memory: 
    +---------------+----------------------+---------+----+----+------+-----+------+-------------+
    |     Memory    |        Module        | BRAM_18K| FF | LUT| Words| Bits| Banks| W*Bits*Banks|
    +---------------+----------------------+---------+----+----+------+-----+------+-------------+
    |Conversion_U   |FM_Synth_Conversion   |        0|  64|   6|    12|   32|     1|          384|
    |mask_table1_U  |FM_Synth_mask_tabbkb  |        2|   0|   0|    64|   52|     1|         3328|
    |notes_U        |FM_Synth_notes        |       16|   0|   0|  5244|   32|     1|       167808|
    |sizes_U        |FM_Synth_sizes        |        0|  18|   2|    12|    9|     1|          108|
    +---------------+----------------------+---------+----+----+------+-----+------+-------------+
    |Total          |                      |       18|  82|   8|  5332|  125|     4|       171628|
    +---------------+----------------------+---------+----+----+------+-----+------+-------------+

    * FIFO: 
    N/A

    * Expression: 
    +----------------------------------+----------+-------+-----+-----+------------+------------+
    |           Variable Name          | Operation| DSP48E|  FF | LUT | Bitwidth P0| Bitwidth P1|
    +----------------------------------+----------+-------+-----+-----+------------+------------+
    |gepindex3_fu_1845_p2              |     +    |      0|   56|   22|           4|          17|
    |gepindex_fu_1350_p2               |     +    |      0|   56|   22|           4|          17|
    |mem_index_gep2_fu_1316_p2         |     +    |      0|   47|   19|          14|          14|
    |mem_index_gep3_fu_1811_p2         |     +    |      0|   47|   19|          14|          14|
    |p_Val2_20_fu_1504_p2              |     +    |      0|  197|   69|          64|          64|
    |p_Val2_5_fu_939_p2                |     +    |      0|  197|   69|          64|          64|
    |releaseDuration_assi_fu_611_p2    |     +    |      0|  101|   37|           1|          32|
    |sh_assign_2_fu_1678_p2            |     +    |      0|   41|   17|          11|          12|
    |sh_assign_fu_1113_p2              |     +    |      0|   41|   17|          11|          12|
    |sustainDuration_assi_fu_606_p2    |     +    |      0|  101|   37|           1|          32|
    |tmp_4_fu_684_p2                   |     +    |      0|   92|   34|           1|          29|
    |tmp_53_fu_639_p2                  |     +    |      0|  101|   37|           1|          32|
    |tmp_6_fu_1289_p2                  |     +    |      0|   92|   34|           1|          29|
    |neg_mul3_fu_651_p2                |     -    |      0|  200|   70|           1|          65|
    |neg_mul_fu_1256_p2                |     -    |      0|  200|   70|           1|          65|
    |neg_ti8_fu_672_p2                 |     -    |      0|   92|   34|           1|          29|
    |neg_ti_fu_1277_p2                 |     -    |      0|   92|   34|           1|          29|
    |tmp_13_fu_569_p2                  |     -    |      0|  101|   37|          32|           2|
    |tmp_13_i_i_i1_fu_1692_p2          |     -    |      0|   38|   16|          10|          11|
    |tmp_13_i_i_i_fu_1127_p2           |     -    |      0|   38|   16|          10|          11|
    |tmp_15_fu_575_p2                  |     -    |      0|  101|   37|          32|          32|
    |tmp_20_fu_602_p2                  |     -    |      0|  101|   37|          32|          32|
    |tmp_21_i_i_i1_fu_1767_p2          |     -    |      0|  101|   37|           1|          32|
    |tmp_21_i_i_i_fu_1202_p2           |     -    |      0|  101|   37|           1|          32|
    |ap_block_pp0_stage0_flag00001001  |    and   |      0|    0|    2|           1|           1|
    |ap_block_state151_io              |    and   |      0|    0|    2|           1|           1|
    |ap_block_state152_io              |    and   |      0|    0|    2|           1|           1|
    |ap_condition_2488                 |    and   |      0|    0|    2|           1|           1|
    |ap_condition_2491                 |    and   |      0|    0|    2|           1|           1|
    |or_cond_i1_fu_1477_p2             |    and   |      0|    0|    2|           1|           1|
    |or_cond_i_fu_912_p2               |    and   |      0|    0|    2|           1|           1|
    |result_V_1_load_A                 |    and   |      0|    0|    2|           1|           1|
    |result_V_1_load_B                 |    and   |      0|    0|    2|           1|           1|
    |sel_tmp1_i1_fu_1579_p2            |    and   |      0|    0|    2|           1|           1|
    |sel_tmp1_i_fu_1014_p2             |    and   |      0|    0|    2|           1|           1|
    |sel_tmp2_fu_757_p2                |    and   |      0|    0|    2|           1|           1|
    |sel_tmp3_fu_801_p2                |    and   |      0|    0|    2|           1|           1|
    |sel_tmp7_fu_779_p2                |    and   |      0|    0|    2|           1|           1|
    |sel_tmp8_i1_fu_1613_p2            |    and   |      0|    0|    2|           1|           1|
    |sel_tmp8_i_fu_1048_p2             |    and   |      0|    0|    2|           1|           1|
    |xs_sig_V_9_fu_1554_p2             |    and   |      0|    0|   52|          52|          52|
    |xs_sig_V_fu_989_p2                |    and   |      0|    0|   52|          52|          52|
    |addrCmp1_fu_1840_p2               |   icmp   |      0|    0|    7|          14|          13|
    |addrCmp_fu_1345_p2                |   icmp   |      0|    0|    7|          14|          13|
    |icmp1_fu_1827_p2                  |   icmp   |      0|    0|    6|          12|           1|
    |icmp_fu_1332_p2                   |   icmp   |      0|    0|    6|          12|           1|
    |result_V_1_state_cmp_full         |   icmp   |      0|    0|    1|           2|           1|
    |tmp_23_fu_581_p2                  |   icmp   |      0|    0|   16|          32|           1|
    |tmp_24_fu_703_p2                  |   icmp   |      0|    0|   16|          32|          32|
    |tmp_26_fu_628_p2                  |   icmp   |      0|    0|   16|          32|          32|
    |tmp_32_fu_708_p2                  |   icmp   |      0|    0|   16|          32|          32|
    |tmp_33_fu_633_p2                  |   icmp   |      0|    0|   16|          32|          32|
    |tmp_3_i1_fu_1462_p2               |   icmp   |      0|    0|    6|          11|          11|
    |tmp_3_i_fu_897_p2                 |   icmp   |      0|    0|    6|          11|          11|
    |tmp_4_i1_fu_1467_p2               |   icmp   |      0|    0|   29|          52|           1|
    |tmp_4_i_fu_902_p2                 |   icmp   |      0|    0|   29|          52|           1|
    |tmp_9_i1_fu_1472_p2               |   icmp   |      0|    0|    6|          11|           1|
    |tmp_9_i_fu_907_p2                 |   icmp   |      0|    0|    6|          11|           1|
    |tmp_i1_fu_1457_p2                 |   icmp   |      0|    0|    6|          11|          10|
    |tmp_i_fu_892_p2                   |   icmp   |      0|    0|    6|          11|          10|
    |tmp_s_fu_519_p2                   |   icmp   |      0|    0|   16|          32|           1|
    |tmp_15_i_i_i1_fu_1722_p2          |   lshr   |      0|  143|  162|          54|          54|
    |tmp_15_i_i_i_fu_1157_p2           |   lshr   |      0|  143|  162|          54|          54|
    |ap_block_pp0_stage0_flag00011001  |    or    |      0|    0|    2|           1|           1|
    |sel_tmp13_demorgan_fu_791_p2      |    or    |      0|    0|    2|           1|           1|
    |sel_tmp5_demorgan_i1_fu_1593_p2   |    or    |      0|    0|    2|           1|           1|
    |sel_tmp5_demorgan_i_fu_1028_p2    |    or    |      0|    0|    2|           1|           1|
    |sel_tmp6_demorgan_fu_769_p2       |    or    |      0|    0|    2|           1|           1|
    |sel_tmp_i1_fu_1574_p2             |    or    |      0|    0|    2|           1|           1|
    |sel_tmp_i_fu_1009_p2              |    or    |      0|    0|    2|           1|           1|
    |xs_sign_V_10_fu_1538_p2           |    or    |      0|    0|    2|           1|           1|
    |xs_sign_V_9_fu_973_p2             |    or    |      0|    0|    2|           1|           1|
    |gepindex1_fu_1356_p3              |  select  |      0|    0|   17|           1|          17|
    |gepindex2_fu_1363_p3              |  select  |      0|    0|   17|           1|          17|
    |gepindex4_fu_1851_p3              |  select  |      0|    0|   17|           1|          17|
    |gepindex5_fu_1858_p3              |  select  |      0|    0|   17|           1|          17|
    |grp_fu_1219_p0                    |  select  |      0|    0|   32|           1|          32|
    |grp_fu_1784_p0                    |  select  |      0|    0|   32|           1|          32|
    |p_Val2_11_fu_1191_p3              |  select  |      0|    0|   31|           1|          31|
    |p_Val2_26_fu_1756_p3              |  select  |      0|    0|   31|           1|          31|
    |p_v9_v_fu_1271_p3                 |  select  |      0|    0|   29|           1|          29|
    |p_v_v_fu_666_p3                   |  select  |      0|    0|   29|           1|          29|
    |releaseDuration_assi_1_fu_622_p3  |  select  |      0|    0|   32|           1|          32|
    |resultAmplitude_4_fu_746_p3       |  select  |      0|    0|   32|           1|          32|
    |resultAmplitude_5_fu_762_p3       |  select  |      0|    0|   32|           1|          32|
    |resultAmplitude_6_fu_784_p3       |  select  |      0|    0|   32|           1|          32|
    |resultAmplitude_8_fu_806_p3       |  select  |      0|    0|   32|           1|          32|
    |sel_tmp2_i1_fu_1585_p3            |  select  |      0|    0|   64|           1|          64|
    |sel_tmp2_i_fu_1020_p3             |  select  |      0|    0|   64|           1|          64|
    |sel_tmp6_i1_fu_1599_p3            |  select  |      0|    0|   64|           1|          64|
    |sel_tmp6_i_fu_1034_p3             |  select  |      0|    0|   64|           1|          64|
    |sh_assign_1_fu_1137_p3            |  select  |      0|    0|   12|           1|          12|
    |sh_assign_3_fu_1702_p3            |  select  |      0|    0|   12|           1|          12|
    |sustainDuration_assi_1_fu_616_p3  |  select  |      0|    0|   32|           1|          32|
    |tmp_52_fu_1283_p3                 |  select  |      0|    0|   29|           1|          29|
    |tmp_5_fu_678_p3                   |  select  |      0|    0|   29|           1|          29|
    |x_assign_1_fu_1054_p3             |  select  |      0|    0|   64|           1|          64|
    |x_assign_3_fu_1619_p3             |  select  |      0|    0|   64|           1|          64|
    |xs_exp_V_7_fu_967_p3              |  select  |      0|    0|   11|           1|          11|
    |xs_exp_V_8_fu_1532_p3             |  select  |      0|    0|   11|           1|          11|
    |xs_sig_V_1_fu_978_p3              |  select  |      0|    0|   52|           1|          52|
    |xs_sig_V_4_fu_1543_p3             |  select  |      0|    0|   52|           1|          52|
    |tmp_16_i_i_i1_fu_1728_p2          |    shl   |      0|  315|  474|         137|         137|
    |tmp_16_i_i_i_fu_1163_p2           |    shl   |      0|  315|  474|         137|         137|
    |ap_enable_pp0                     |    xor   |      0|    0|    2|           1|           2|
    |sel_tmp1_fu_752_p2                |    xor   |      0|    0|    2|           1|           2|
    |sel_tmp6_fu_773_p2                |    xor   |      0|    0|    2|           1|           2|
    |sel_tmp7_i1_fu_1607_p2            |    xor   |      0|    0|    2|           1|           2|
    |sel_tmp7_i_fu_1042_p2             |    xor   |      0|    0|    2|           1|           2|
    |sel_tmp_fu_795_p2                 |    xor   |      0|    0|    2|           1|           2|
    |tmp_49_neg_fu_694_p2              |    xor   |      0|    0|   33|          32|          33|
    |tmp_5_i1_fu_1549_p2               |    xor   |      0|    0|   52|          52|           2|
    |tmp_5_i_fu_984_p2                 |    xor   |      0|    0|   52|          52|           2|
    +----------------------------------+----------+-------+-----+-----+------------+------------+
    |Total                             |          |      0| 3250| 3686|        1412|        2509|
    +----------------------------------+----------+-------+-----+-----+------------+------------+

    * Multiplexer: 
    +----------------------------------------------------+----+-----------+-----+-----------+
    |                        Name                        | LUT| Input Size| Bits| Total Bits|
    +----------------------------------------------------+----+-----------+-----+-----------+
    |ap_phi_precharge_reg_pp0_iter1_time_assign_reg_371  |   9|          2|   32|         64|
    |result_V_1_data_out                                 |   9|          2|   32|         64|
    |result_V_1_state                                    |  13|          3|    2|          6|
    |result_V_TDATA_blk_n                                |   9|          2|    1|          2|
    |time_assign_phi_fu_375_p4                           |   9|          2|   32|         64|
    |time_assign_reg_371                                 |   9|          2|   32|         64|
    +----------------------------------------------------+----+-----------+-----+-----------+
    |Total                                               |  58|         13|  131|        264|
    +----------------------------------------------------+----+-----------+-----+-----------+

    * Register: 
    +----------------------------------------------------+----+-----+-----+-----------+
    |                        Name                        | FF | LUT | Bits| Const Bits|
    +----------------------------------------------------+----+-----+-----+-----------+
    |MAX_ATTACK                                          |   0|    0|   32|         32|
    |ap_CS_fsm                                           |   1|    0|    1|          0|
    |ap_enable_reg_pp0_iter1                             |   1|    0|    1|          0|
    |ap_enable_reg_pp0_iter10                            |   1|    0|    1|          0|
    |ap_enable_reg_pp0_iter100                           |   1|    0|    1|          0|
    |ap_enable_reg_pp0_iter101                           |   1|    0|    1|          0|
    |ap_enable_reg_pp0_iter102                           |   1|    0|    1|          0|
    |ap_enable_reg_pp0_iter103                           |   1|    0|    1|          0|
    |ap_enable_reg_pp0_iter104                           |   1|    0|    1|          0|
    |ap_enable_reg_pp0_iter105                           |   1|    0|    1|          0|
    |ap_enable_reg_pp0_iter106                           |   1|    0|    1|          0|
    |ap_enable_reg_pp0_iter107                           |   1|    0|    1|          0|
    |ap_enable_reg_pp0_iter108                           |   1|    0|    1|          0|
    |ap_enable_reg_pp0_iter109                           |   1|    0|    1|          0|
    |ap_enable_reg_pp0_iter11                            |   1|    0|    1|          0|
    |ap_enable_reg_pp0_iter110                           |   1|    0|    1|          0|
    |ap_enable_reg_pp0_iter111                           |   1|    0|    1|          0|
    |ap_enable_reg_pp0_iter112                           |   1|    0|    1|          0|
    |ap_enable_reg_pp0_iter113                           |   1|    0|    1|          0|
    |ap_enable_reg_pp0_iter114                           |   1|    0|    1|          0|
    |ap_enable_reg_pp0_iter115                           |   1|    0|    1|          0|
    |ap_enable_reg_pp0_iter116                           |   1|    0|    1|          0|
    |ap_enable_reg_pp0_iter117                           |   1|    0|    1|          0|
    |ap_enable_reg_pp0_iter118                           |   1|    0|    1|          0|
    |ap_enable_reg_pp0_iter119                           |   1|    0|    1|          0|
    |ap_enable_reg_pp0_iter12                            |   1|    0|    1|          0|
    |ap_enable_reg_pp0_iter120                           |   1|    0|    1|          0|
    |ap_enable_reg_pp0_iter121                           |   1|    0|    1|          0|
    |ap_enable_reg_pp0_iter122                           |   1|    0|    1|          0|
    |ap_enable_reg_pp0_iter123                           |   1|    0|    1|          0|
    |ap_enable_reg_pp0_iter124                           |   1|    0|    1|          0|
    |ap_enable_reg_pp0_iter125                           |   1|    0|    1|          0|
    |ap_enable_reg_pp0_iter126                           |   1|    0|    1|          0|
    |ap_enable_reg_pp0_iter127                           |   1|    0|    1|          0|
    |ap_enable_reg_pp0_iter128                           |   1|    0|    1|          0|
    |ap_enable_reg_pp0_iter129                           |   1|    0|    1|          0|
    |ap_enable_reg_pp0_iter13                            |   1|    0|    1|          0|
    |ap_enable_reg_pp0_iter130                           |   1|    0|    1|          0|
    |ap_enable_reg_pp0_iter131                           |   1|    0|    1|          0|
    |ap_enable_reg_pp0_iter132                           |   1|    0|    1|          0|
    |ap_enable_reg_pp0_iter133                           |   1|    0|    1|          0|
    |ap_enable_reg_pp0_iter134                           |   1|    0|    1|          0|
    |ap_enable_reg_pp0_iter135                           |   1|    0|    1|          0|
    |ap_enable_reg_pp0_iter136                           |   1|    0|    1|          0|
    |ap_enable_reg_pp0_iter137                           |   1|    0|    1|          0|
    |ap_enable_reg_pp0_iter138                           |   1|    0|    1|          0|
    |ap_enable_reg_pp0_iter139                           |   1|    0|    1|          0|
    |ap_enable_reg_pp0_iter14                            |   1|    0|    1|          0|
    |ap_enable_reg_pp0_iter140                           |   1|    0|    1|          0|
    |ap_enable_reg_pp0_iter141                           |   1|    0|    1|          0|
    |ap_enable_reg_pp0_iter142                           |   1|    0|    1|          0|
    |ap_enable_reg_pp0_iter143                           |   1|    0|    1|          0|
    |ap_enable_reg_pp0_iter144                           |   1|    0|    1|          0|
    |ap_enable_reg_pp0_iter145                           |   1|    0|    1|          0|
    |ap_enable_reg_pp0_iter146                           |   1|    0|    1|          0|
    |ap_enable_reg_pp0_iter147                           |   1|    0|    1|          0|
    |ap_enable_reg_pp0_iter148                           |   1|    0|    1|          0|
    |ap_enable_reg_pp0_iter149                           |   1|    0|    1|          0|
    |ap_enable_reg_pp0_iter15                            |   1|    0|    1|          0|
    |ap_enable_reg_pp0_iter150                           |   1|    0|    1|          0|
    |ap_enable_reg_pp0_iter151                           |   1|    0|    1|          0|
    |ap_enable_reg_pp0_iter16                            |   1|    0|    1|          0|
    |ap_enable_reg_pp0_iter17                            |   1|    0|    1|          0|
    |ap_enable_reg_pp0_iter18                            |   1|    0|    1|          0|
    |ap_enable_reg_pp0_iter19                            |   1|    0|    1|          0|
    |ap_enable_reg_pp0_iter2                             |   1|    0|    1|          0|
    |ap_enable_reg_pp0_iter20                            |   1|    0|    1|          0|
    |ap_enable_reg_pp0_iter21                            |   1|    0|    1|          0|
    |ap_enable_reg_pp0_iter22                            |   1|    0|    1|          0|
    |ap_enable_reg_pp0_iter23                            |   1|    0|    1|          0|
    |ap_enable_reg_pp0_iter24                            |   1|    0|    1|          0|
    |ap_enable_reg_pp0_iter25                            |   1|    0|    1|          0|
    |ap_enable_reg_pp0_iter26                            |   1|    0|    1|          0|
    |ap_enable_reg_pp0_iter27                            |   1|    0|    1|          0|
    |ap_enable_reg_pp0_iter28                            |   1|    0|    1|          0|
    |ap_enable_reg_pp0_iter29                            |   1|    0|    1|          0|
    |ap_enable_reg_pp0_iter3                             |   1|    0|    1|          0|
    |ap_enable_reg_pp0_iter30                            |   1|    0|    1|          0|
    |ap_enable_reg_pp0_iter31                            |   1|    0|    1|          0|
    |ap_enable_reg_pp0_iter32                            |   1|    0|    1|          0|
    |ap_enable_reg_pp0_iter33                            |   1|    0|    1|          0|
    |ap_enable_reg_pp0_iter34                            |   1|    0|    1|          0|
    |ap_enable_reg_pp0_iter35                            |   1|    0|    1|          0|
    |ap_enable_reg_pp0_iter36                            |   1|    0|    1|          0|
    |ap_enable_reg_pp0_iter37                            |   1|    0|    1|          0|
    |ap_enable_reg_pp0_iter38                            |   1|    0|    1|          0|
    |ap_enable_reg_pp0_iter39                            |   1|    0|    1|          0|
    |ap_enable_reg_pp0_iter4                             |   1|    0|    1|          0|
    |ap_enable_reg_pp0_iter40                            |   1|    0|    1|          0|
    |ap_enable_reg_pp0_iter41                            |   1|    0|    1|          0|
    |ap_enable_reg_pp0_iter42                            |   1|    0|    1|          0|
    |ap_enable_reg_pp0_iter43                            |   1|    0|    1|          0|
    |ap_enable_reg_pp0_iter44                            |   1|    0|    1|          0|
    |ap_enable_reg_pp0_iter45                            |   1|    0|    1|          0|
    |ap_enable_reg_pp0_iter46                            |   1|    0|    1|          0|
    |ap_enable_reg_pp0_iter47                            |   1|    0|    1|          0|
    |ap_enable_reg_pp0_iter48                            |   1|    0|    1|          0|
    |ap_enable_reg_pp0_iter49                            |   1|    0|    1|          0|
    |ap_enable_reg_pp0_iter5                             |   1|    0|    1|          0|
    |ap_enable_reg_pp0_iter50                            |   1|    0|    1|          0|
    |ap_enable_reg_pp0_iter51                            |   1|    0|    1|          0|
    |ap_enable_reg_pp0_iter52                            |   1|    0|    1|          0|
    |ap_enable_reg_pp0_iter53                            |   1|    0|    1|          0|
    |ap_enable_reg_pp0_iter54                            |   1|    0|    1|          0|
    |ap_enable_reg_pp0_iter55                            |   1|    0|    1|          0|
    |ap_enable_reg_pp0_iter56                            |   1|    0|    1|          0|
    |ap_enable_reg_pp0_iter57                            |   1|    0|    1|          0|
    |ap_enable_reg_pp0_iter58                            |   1|    0|    1|          0|
    |ap_enable_reg_pp0_iter59                            |   1|    0|    1|          0|
    |ap_enable_reg_pp0_iter6                             |   1|    0|    1|          0|
    |ap_enable_reg_pp0_iter60                            |   1|    0|    1|          0|
    |ap_enable_reg_pp0_iter61                            |   1|    0|    1|          0|
    |ap_enable_reg_pp0_iter62                            |   1|    0|    1|          0|
    |ap_enable_reg_pp0_iter63                            |   1|    0|    1|          0|
    |ap_enable_reg_pp0_iter64                            |   1|    0|    1|          0|
    |ap_enable_reg_pp0_iter65                            |   1|    0|    1|          0|
    |ap_enable_reg_pp0_iter66                            |   1|    0|    1|          0|
    |ap_enable_reg_pp0_iter67                            |   1|    0|    1|          0|
    |ap_enable_reg_pp0_iter68                            |   1|    0|    1|          0|
    |ap_enable_reg_pp0_iter69                            |   1|    0|    1|          0|
    |ap_enable_reg_pp0_iter7                             |   1|    0|    1|          0|
    |ap_enable_reg_pp0_iter70                            |   1|    0|    1|          0|
    |ap_enable_reg_pp0_iter71                            |   1|    0|    1|          0|
    |ap_enable_reg_pp0_iter72                            |   1|    0|    1|          0|
    |ap_enable_reg_pp0_iter73                            |   1|    0|    1|          0|
    |ap_enable_reg_pp0_iter74                            |   1|    0|    1|          0|
    |ap_enable_reg_pp0_iter75                            |   1|    0|    1|          0|
    |ap_enable_reg_pp0_iter76                            |   1|    0|    1|          0|
    |ap_enable_reg_pp0_iter77                            |   1|    0|    1|          0|
    |ap_enable_reg_pp0_iter78                            |   1|    0|    1|          0|
    |ap_enable_reg_pp0_iter79                            |   1|    0|    1|          0|
    |ap_enable_reg_pp0_iter8                             |   1|    0|    1|          0|
    |ap_enable_reg_pp0_iter80                            |   1|    0|    1|          0|
    |ap_enable_reg_pp0_iter81                            |   1|    0|    1|          0|
    |ap_enable_reg_pp0_iter82                            |   1|    0|    1|          0|
    |ap_enable_reg_pp0_iter83                            |   1|    0|    1|          0|
    |ap_enable_reg_pp0_iter84                            |   1|    0|    1|          0|
    |ap_enable_reg_pp0_iter85                            |   1|    0|    1|          0|
    |ap_enable_reg_pp0_iter86                            |   1|    0|    1|          0|
    |ap_enable_reg_pp0_iter87                            |   1|    0|    1|          0|
    |ap_enable_reg_pp0_iter88                            |   1|    0|    1|          0|
    |ap_enable_reg_pp0_iter89                            |   1|    0|    1|          0|
    |ap_enable_reg_pp0_iter9                             |   1|    0|    1|          0|
    |ap_enable_reg_pp0_iter90                            |   1|    0|    1|          0|
    |ap_enable_reg_pp0_iter91                            |   1|    0|    1|          0|
    |ap_enable_reg_pp0_iter92                            |   1|    0|    1|          0|
    |ap_enable_reg_pp0_iter93                            |   1|    0|    1|          0|
    |ap_enable_reg_pp0_iter94                            |   1|    0|    1|          0|
    |ap_enable_reg_pp0_iter95                            |   1|    0|    1|          0|
    |ap_enable_reg_pp0_iter96                            |   1|    0|    1|          0|
    |ap_enable_reg_pp0_iter97                            |   1|    0|    1|          0|
    |ap_enable_reg_pp0_iter98                            |   1|    0|    1|          0|
    |ap_enable_reg_pp0_iter99                            |   1|    0|    1|          0|
    |ap_phi_precharge_reg_pp0_iter1_time_assign_reg_371  |  32|    0|   32|          0|
    |ap_reg_pp0_iter107_loc_V_6_reg_2433                 |  11|    0|   11|          0|
    |ap_reg_pp0_iter107_loc_V_7_reg_2441                 |  52|    0|   52|          0|
    |ap_reg_pp0_iter107_p_Result_23_reg_2424             |   1|    0|    1|          0|
    |ap_reg_pp0_iter107_tmp_70_reg_2452                  |  63|    0|   63|          0|
    |ap_reg_pp0_iter107_x_assign_2_reg_2419              |  64|    0|   64|          0|
    |ap_reg_pp0_iter1_tmp_reg_1964                       |   1|    0|    1|          0|
    |ap_reg_pp0_iter48_loc_V_1_reg_2258                  |  52|    0|   52|          0|
    |ap_reg_pp0_iter48_loc_V_reg_2250                    |  11|    0|   11|          0|
    |ap_reg_pp0_iter48_p_Result_s_reg_2241               |   1|    0|    1|          0|
    |ap_reg_pp0_iter48_tmp_58_reg_2269                   |  63|    0|   63|          0|
    |ap_reg_pp0_iter48_x_assign_reg_2236                 |  64|    0|   64|          0|
    |ap_reg_pp0_iter56_tmp_42_reg_2310                   |   1|    0|    1|          0|
    |attackDuration_read_reg_1912                        |  32|    0|   32|          0|
    |attackMaximum_read_reg_1919                         |  32|    0|   32|          0|
    |attackSlope                                         |  32|    0|   32|          0|
    |attackSlope_load_reg_2083                           |  32|    0|   32|          0|
    |car_octave                                          |  32|    0|   32|          0|
    |car_size                                            |   9|    0|   32|         23|
    |carrier_conversion                                  |  32|    0|   32|          0|
    |carrier_phase_read_reg_1924                         |  32|    0|   32|          0|
    |carrier_wave_read_reg_1929                          |  32|    0|   32|          0|
    |carrier_wave_values_s                               |  16|    0|   16|          0|
    |change                                              |   1|    0|    1|          0|
    |change_load_reg_1955                                |   1|    0|    1|          0|
    |decayDuration_read_reg_1907                         |  32|    0|   32|          0|
    |decaySlope                                          |  32|    0|   32|          0|
    |decaySlope_load_reg_2089                            |  32|    0|   32|          0|
    |icmp1_reg_2494                                      |   1|    0|    1|          0|
    |icmp_reg_2338                                       |   1|    0|    1|          0|
    |loc_V_1_reg_2258                                    |  52|    0|   52|          0|
    |loc_V_6_reg_2433                                    |  11|    0|   11|          0|
    |loc_V_7_reg_2441                                    |  52|    0|   52|          0|
    |loc_V_reg_2250                                      |  11|    0|   11|          0|
    |mask_1_reg_2457                                     |  52|    0|   52|          0|
    |mask_reg_2274                                       |  52|    0|   52|          0|
    |mem_index_gep2_reg_2332                             |  14|    0|   14|          0|
    |mem_index_gep3_reg_2488                             |  14|    0|   14|          0|
    |modWaveResult_reg_2348                              |  32|    0|   32|          0|
    |mod_octave                                          |  32|    0|   32|          0|
    |mod_size                                            |   9|    0|   32|         23|
    |modulator_conversion                                |  32|    0|   32|          0|
    |modulator_phase_read_reg_1941                       |  32|    0|   32|          0|
    |modulator_wave_value                                |  16|    0|   16|          0|
    |mul2_reg_1986                                       |  65|    0|   65|          0|
    |mul_reg_2316                                        |  65|    0|   65|          0|
    |notes_load_reg_2504                                 |  32|    0|   32|          0|
    |p_Result_23_reg_2424                                |   1|    0|    1|          0|
    |p_Result_43_reg_2285                                |   1|    0|    1|          0|
    |p_Result_48_reg_2468                                |   1|    0|    1|          0|
    |p_Result_s_reg_2241                                 |   1|    0|    1|          0|
    |p_Val2_11_reg_2290                                  |  31|    0|   31|          0|
    |p_Val2_26_reg_2473                                  |  31|    0|   31|          0|
    |position                                            |  32|    0|   32|          0|
    |releaseDuration_read_reg_1887                       |  32|    0|   32|          0|
    |releaseSlope                                        |  32|    0|   32|          0|
    |releaseSlope_load_reg_2100                          |  32|    0|   32|          0|
    |resultAmplitude_1_reg_2161                          |  32|    0|   32|          0|
    |resultAmplitude_2_reg_2125                          |  32|    0|   32|          0|
    |resultAmplitude_3_reg_2166                          |  32|    0|   32|          0|
    |resultAmplitude_6_reg_2176                          |  32|    0|   32|          0|
    |resultAmplitude_8_reg_2181                          |  32|    0|   32|          0|
    |resultAmplitude_reg_2156                            |  32|    0|   32|          0|
    |result_V_1_payload_A                                |  32|    0|   32|          0|
    |result_V_1_payload_B                                |  32|    0|   32|          0|
    |result_V_1_sel_rd                                   |   1|    0|    1|          0|
    |result_V_1_sel_wr                                   |   1|    0|    1|          0|
    |result_V_1_state                                    |   2|    0|    2|          0|
    |scale_factor_read_reg_1936                          |  32|    0|   32|          0|
    |sel_tmp6_demorgan_reg_2171                          |   1|    0|    1|          0|
    |sizes_load_1_reg_2368                               |   9|    0|    9|          0|
    |sizes_load_reg_2201                                 |   9|    0|    9|          0|
    |sustainAmplitude_rea_reg_1901                       |  32|    0|   32|          0|
    |sustainDuration_assi_1_reg_2002                     |  32|    0|   32|          0|
    |sustainDuration_read_reg_1894                       |  32|    0|   32|          0|
    |time_assign_reg_371                                 |  32|    0|   32|          0|
    |tmp_10_reg_2024                                     |  32|    0|   32|          0|
    |tmp_11_reg_2029                                     |  32|    0|   32|          0|
    |tmp_13_reg_1970                                     |  32|    0|   32|          0|
    |tmp_14_reg_2034                                     |  32|    0|   32|          0|
    |tmp_15_reg_1975                                     |  32|    0|   32|          0|
    |tmp_16_reg_2039                                     |  32|    0|   32|          0|
    |tmp_20_reg_1997                                     |  32|    0|   32|          0|
    |tmp_21_reg_2054                                     |  32|    0|   32|          0|
    |tmp_23_reg_1980                                     |   1|    0|    1|          0|
    |tmp_24_reg_2064                                     |   1|    0|    1|          0|
    |tmp_25_reg_2116                                     |  32|    0|   32|          0|
    |tmp_26_reg_2008                                     |   1|    0|    1|          0|
    |tmp_27_reg_2077                                     |  32|    0|   32|          0|
    |tmp_28_reg_2106                                     |  32|    0|   32|          0|
    |tmp_29_reg_2111                                     |  32|    0|   32|          0|
    |tmp_30_reg_2136                                     |  32|    0|   32|          0|
    |tmp_31_reg_2141                                     |  32|    0|   32|          0|
    |tmp_32_reg_2071                                     |   1|    0|    1|          0|
    |tmp_33_reg_2014                                     |   1|    0|    1|          0|
    |tmp_34_reg_2095                                     |  32|    0|   32|          0|
    |tmp_35_reg_2131                                     |  32|    0|   32|          0|
    |tmp_36_reg_2146                                     |  32|    0|   32|          0|
    |tmp_37_reg_2151                                     |  32|    0|   32|          0|
    |tmp_38_reg_2221                                     |  32|    0|   32|          0|
    |tmp_39_reg_2211                                     |  32|    0|   32|          0|
    |tmp_3_reg_1991                                      |  29|    0|   29|          0|
    |tmp_40_reg_2226                                     |  32|    0|   32|          0|
    |tmp_41_reg_2231                                     |  32|    0|   32|          0|
    |tmp_42_reg_2310                                     |   1|    0|    1|          0|
    |tmp_44_reg_2404                                     |  32|    0|   32|          0|
    |tmp_45_reg_2373                                     |  32|    0|   32|          0|
    |tmp_46_reg_2384                                     |  32|    0|   32|          0|
    |tmp_47_reg_2389                                     |  32|    0|   32|          0|
    |tmp_48_reg_2394                                     |  32|    0|   32|          0|
    |tmp_49_neg_reg_2049                                 |  32|    0|   32|          0|
    |tmp_49_reg_2409                                     |  32|    0|   32|          0|
    |tmp_49_to_int_reg_2044                              |  32|    0|   32|          0|
    |tmp_4_reg_2019                                      |  29|    0|   29|          0|
    |tmp_50_reg_2414                                     |  32|    0|   32|          0|
    |tmp_51_reg_2321                                     |  29|    0|   29|          0|
    |tmp_54_reg_2186                                     |  14|    0|   14|          0|
    |tmp_55_reg_2353                                     |  14|    0|   14|          0|
    |tmp_58_reg_2269                                     |  63|    0|   63|          0|
    |tmp_6_reg_2327                                      |  29|    0|   29|          0|
    |tmp_70_reg_2452                                     |  63|    0|   63|          0|
    |tmp_reg_1964                                        |   1|    0|    1|          0|
    |tmp_s_reg_1951                                      |   1|    0|    1|          0|
    |x_assign_1_reg_2280                                 |  64|    0|   64|          0|
    |x_assign_2_reg_2419                                 |  64|    0|   64|          0|
    |x_assign_3_reg_2463                                 |  64|    0|   64|          0|
    |x_assign_reg_2236                                   |  64|    0|   64|          0|
    |attackDuration_read_reg_1912                        |  64|   32|   32|          0|
    |attackSlope_load_reg_2083                           |  64|   32|   32|          0|
    |carrier_phase_read_reg_1924                         |  64|  121|   32|          0|
    |carrier_wave_read_reg_1929                          |  64|  117|   32|          0|
    |change_load_reg_1955                                |  64|  128|    1|          0|
    |decaySlope_load_reg_2089                            |  64|   32|   32|          0|
    |modulator_phase_read_reg_1941                       |  64|   64|   32|          0|
    |releaseSlope_load_reg_2100                          |  64|   32|   32|          0|
    |resultAmplitude_2_reg_2125                          |  64|   32|   32|          0|
    |resultAmplitude_8_reg_2181                          |  64|  128|   32|          0|
    |scale_factor_read_reg_1936                          |  64|  118|   32|          0|
    |sizes_load_1_reg_2368                               |  64|   32|    9|          0|
    |sizes_load_reg_2201                                 |  64|   32|    9|          0|
    |sustainAmplitude_rea_reg_1901                       |  64|   32|   32|          0|
    |sustainDuration_assi_1_reg_2002                     |  64|   32|   32|          0|
    |time_assign_reg_371                                 |  64|   32|   32|          0|
    |tmp_24_reg_2064                                     |  64|   32|    1|          0|
    |tmp_25_reg_2116                                     |  64|  109|   32|          0|
    |tmp_26_reg_2008                                     |  64|   32|    1|          0|
    |tmp_32_reg_2071                                     |  64|   32|    1|          0|
    |tmp_33_reg_2014                                     |  64|   32|    1|          0|
    |tmp_4_reg_2019                                      |  64|   64|   29|          0|
    |tmp_54_reg_2186                                     |  64|   64|   14|          0|
    |tmp_55_reg_2353                                     |  64|   64|   14|          0|
    |tmp_6_reg_2327                                      |  64|   64|   29|          0|
    |tmp_s_reg_1951                                      |  64|  128|    1|          0|
    +----------------------------------------------------+----+-----+-----+-----------+
    |Total                                               |5345| 1617| 4317|         78|
    +----------------------------------------------------+----+-----+-----+-----------+



================================================================
== Interface
================================================================
* Summary: 
+------------------------+-----+-----+--------------+--------------+--------------+
|        RTL Ports       | Dir | Bits|   Protocol   | Source Object|    C Type    |
+------------------------+-----+-----+--------------+--------------+--------------+
|s_axi_CTRL_BUS_AWVALID  |  in |    1|     s_axi    |   CTRL_BUS   |    scalar    |
|s_axi_CTRL_BUS_AWREADY  | out |    1|     s_axi    |   CTRL_BUS   |    scalar    |
|s_axi_CTRL_BUS_AWADDR   |  in |    7|     s_axi    |   CTRL_BUS   |    scalar    |
|s_axi_CTRL_BUS_WVALID   |  in |    1|     s_axi    |   CTRL_BUS   |    scalar    |
|s_axi_CTRL_BUS_WREADY   | out |    1|     s_axi    |   CTRL_BUS   |    scalar    |
|s_axi_CTRL_BUS_WDATA    |  in |   32|     s_axi    |   CTRL_BUS   |    scalar    |
|s_axi_CTRL_BUS_WSTRB    |  in |    4|     s_axi    |   CTRL_BUS   |    scalar    |
|s_axi_CTRL_BUS_ARVALID  |  in |    1|     s_axi    |   CTRL_BUS   |    scalar    |
|s_axi_CTRL_BUS_ARREADY  | out |    1|     s_axi    |   CTRL_BUS   |    scalar    |
|s_axi_CTRL_BUS_ARADDR   |  in |    7|     s_axi    |   CTRL_BUS   |    scalar    |
|s_axi_CTRL_BUS_RVALID   | out |    1|     s_axi    |   CTRL_BUS   |    scalar    |
|s_axi_CTRL_BUS_RREADY   |  in |    1|     s_axi    |   CTRL_BUS   |    scalar    |
|s_axi_CTRL_BUS_RDATA    | out |   32|     s_axi    |   CTRL_BUS   |    scalar    |
|s_axi_CTRL_BUS_RRESP    | out |    2|     s_axi    |   CTRL_BUS   |    scalar    |
|s_axi_CTRL_BUS_BVALID   | out |    1|     s_axi    |   CTRL_BUS   |    scalar    |
|s_axi_CTRL_BUS_BREADY   |  in |    1|     s_axi    |   CTRL_BUS   |    scalar    |
|s_axi_CTRL_BUS_BRESP    | out |    2|     s_axi    |   CTRL_BUS   |    scalar    |
|ap_clk                  |  in |    1| ap_ctrl_none |   FM_Synth   | return value |
|ap_rst_n                |  in |    1| ap_ctrl_none |   FM_Synth   | return value |
|result_V_TDATA          | out |   32|     axis     |   result_V   |    pointer   |
|result_V_TVALID         | out |    1|     axis     |   result_V   |    pointer   |
|result_V_TREADY         |  in |    1|     axis     |   result_V   |    pointer   |
+------------------------+-----+-----+--------------+--------------+--------------+

